# JRE version: OpenJDK Runtime Environment Temurin-17.0.3+7 (17.0.3+7) (build 17.0.3+7)
# Java VM: OpenJDK 64-Bit Server VM Temurin-17.0.3+7 (17.0.3+7, mixed mode, tiered, compressed oops, compressed class ptrs, g1 gc, windows-amd64)
GC Precious Log:
 CPUs: 4 total, 4 available
 Memory: 7959M
 Large Page Support: Disabled
 NUMA Support: Disabled
 Compressed Oops: Enabled (32-bit)
 Heap Region Size: 1M
 Heap Min Capacity: 8M
 Heap Initial Capacity: 126M
 Heap Max Capacity: 1990M
 Pre-touch: Disabled
 Parallel Workers: 4
 Concurrent Workers: 1
 Concurrent Refinement Workers: 4
 Periodic GC: Disabled
Heap:
 garbage-first heap   total 46080K, used 26805K [0x0000000083a00000, 0x0000000100000000)
  region size 1024K, 5 young (5120K), 2 survivors (2048K)
 Metaspace       used 64619K, committed 65024K, reserved 1105920K
  class space    used 8277K, committed 8448K, reserved 1048576K
GC Heap History (20 events):
Event: 3.540 GC heap before
{Heap before GC invocations=8 (full 0):
 garbage-first heap   total 37888K, used 26620K [0x0000000083a00000, 0x0000000100000000)
  region size 1024K, 16 young (16384K), 3 survivors (3072K)
 Metaspace       used 34463K, committed 34752K, reserved 1081344K
  class space    used 4030K, committed 4160K, reserved 1048576K
}
Event: 3.544 GC heap after
{Heap after GC invocations=9 (full 0):
 garbage-first heap   total 37888K, used 15009K [0x0000000083a00000, 0x0000000100000000)
  region size 1024K, 2 young (2048K), 2 survivors (2048K)
 Metaspace       used 34463K, committed 34752K, reserved 1081344K
  class space    used 4030K, committed 4160K, reserved 1048576K
}
Event: 3.811 GC heap before
{Heap before GC invocations=9 (full 0):
 garbage-first heap   total 37888K, used 23201K [0x0000000083a00000, 0x0000000100000000)
  region size 1024K, 12 young (12288K), 2 survivors (2048K)
 Metaspace       used 35779K, committed 36096K, reserved 1081344K
  class space    used 4160K, committed 4288K, reserved 1048576K
}
Event: 3.815 GC heap after
{Heap after GC invocations=10 (full 0):
 garbage-first heap   total 46080K, used 15709K [0x0000000083a00000, 0x0000000100000000)
  region size 1024K, 1 young (1024K), 1 survivors (1024K)
 Metaspace       used 35779K, committed 36096K, reserved 1081344K
  class space    used 4160K, committed 4288K, reserved 1048576K
}
Event: 4.333 GC heap before
{Heap before GC invocations=11 (full 0):
 garbage-first heap   total 46080K, used 33117K [0x0000000083a00000, 0x0000000100000000)
  region size 1024K, 19 young (19456K), 1 survivors (1024K)
 Metaspace       used 41040K, committed 41408K, reserved 1089536K
  class space    used 4780K, committed 4928K, reserved 1048576K
}
Event: 4.338 GC heap after
{Heap after GC invocations=12 (full 0):
 garbage-first heap   total 46080K, used 17368K [0x0000000083a00000, 0x0000000100000000)
  region size 1024K, 3 young (3072K), 3 survivors (3072K)
 Metaspace       used 41040K, committed 41408K, reserved 1089536K
  class space    used 4780K, committed 4928K, reserved 1048576K
}
Event: 4.854 GC heap before
{Heap before GC invocations=12 (full 0):
 garbage-first heap   total 46080K, used 32728K [0x0000000083a00000, 0x0000000100000000)
  region size 1024K, 19 young (19456K), 3 survivors (3072K)
 Metaspace       used 45296K, committed 45568K, reserved 1089536K
  class space    used 5453K, committed 5568K, reserved 1048576K
}
Event: 4.857 GC heap after
{Heap after GC invocations=13 (full 0):
 garbage-first heap   total 46080K, used 18131K [0x0000000083a00000, 0x0000000100000000)
  region size 1024K, 1 young (1024K), 1 survivors (1024K)
 Metaspace       used 45296K, committed 45568K, reserved 1089536K
  class space    used 5453K, committed 5568K, reserved 1048576K
}
Event: 5.324 GC heap before
{Heap before GC invocations=13 (full 0):
 garbage-first heap   total 46080K, used 34515K [0x0000000083a00000, 0x0000000100000000)
  region size 1024K, 18 young (18432K), 1 survivors (1024K)
 Metaspace       used 50322K, committed 50688K, reserved 1097728K
  class space    used 6267K, committed 6464K, reserved 1048576K
}
Event: 5.327 GC heap after
{Heap after GC invocations=14 (full 0):
 garbage-first heap   total 46080K, used 19031K [0x0000000083a00000, 0x0000000100000000)
  region size 1024K, 2 young (2048K), 2 survivors (2048K)
 Metaspace       used 50322K, committed 50688K, reserved 1097728K
  class space    used 6267K, committed 6464K, reserved 1048576K
}
Event: 5.736 GC heap before
{Heap before GC invocations=14 (full 0):
 garbage-first heap   total 46080K, used 35415K [0x0000000083a00000, 0x0000000100000000)
  region size 1024K, 18 young (18432K), 2 survivors (2048K)
 Metaspace       used 54745K, committed 55040K, reserved 1097728K
  class space    used 6999K, committed 7168K, reserved 1048576K
}
Event: 5.740 GC heap after
{Heap after GC invocations=15 (full 0):
 garbage-first heap   total 46080K, used 19748K [0x0000000083a00000, 0x0000000100000000)
  region size 1024K, 2 young (2048K), 2 survivors (2048K)
 Metaspace       used 54745K, committed 55040K, reserved 1097728K
  class space    used 6999K, committed 7168K, reserved 1048576K
}
Event: 6.093 GC heap before
{Heap before GC invocations=15 (full 0):
 garbage-first heap   total 46080K, used 36132K [0x0000000083a00000, 0x0000000100000000)
  region size 1024K, 18 young (18432K), 2 survivors (2048K)
 Metaspace       used 57223K, committed 57536K, reserved 1105920K
  class space    used 7322K, committed 7488K, reserved 1048576K
}
Event: 6.098 GC heap after
{Heap after GC invocations=16 (full 0):
 garbage-first heap   total 46080K, used 20976K [0x0000000083a00000, 0x0000000100000000)
  region size 1024K, 2 young (2048K), 2 survivors (2048K)
 Metaspace       used 57223K, committed 57536K, reserved 1105920K
  class space    used 7322K, committed 7488K, reserved 1048576K
}
Event: 6.498 GC heap before
{Heap before GC invocations=16 (full 0):
 garbage-first heap   total 46080K, used 36336K [0x0000000083a00000, 0x0000000100000000)
  region size 1024K, 17 young (17408K), 2 survivors (2048K)
 Metaspace       used 59171K, committed 59456K, reserved 1105920K
  class space    used 7597K, committed 7744K, reserved 1048576K
}
Event: 6.504 GC heap after
{Heap after GC invocations=17 (full 0):
 garbage-first heap   total 46080K, used 22493K [0x0000000083a00000, 0x0000000100000000)
  region size 1024K, 3 young (3072K), 3 survivors (3072K)
 Metaspace       used 59171K, committed 59456K, reserved 1105920K
  class space    used 7597K, committed 7744K, reserved 1048576K
}
Event: 6.748 GC heap before
{Heap before GC invocations=17 (full 0):
 garbage-first heap   total 46080K, used 32733K [0x0000000083a00000, 0x0000000100000000)
  region size 1024K, 14 young (14336K), 3 survivors (3072K)
 Metaspace       used 60446K, committed 60736K, reserved 1105920K
  class space    used 7758K, committed 7872K, reserved 1048576K
}
Event: 6.754 GC heap after
{Heap after GC invocations=18 (full 0):
 garbage-first heap   total 46080K, used 23777K [0x0000000083a00000, 0x0000000100000000)
  region size 1024K, 2 young (2048K), 2 survivors (2048K)
 Metaspace       used 60446K, committed 60736K, reserved 1105920K
  class space    used 7758K, committed 7872K, reserved 1048576K
}
Event: 20.845 GC heap before
{Heap before GC invocations=19 (full 0):
 garbage-first heap   total 46080K, used 35041K [0x0000000083a00000, 0x0000000100000000)
  region size 1024K, 14 young (14336K), 2 survivors (2048K)
 Metaspace       used 64152K, committed 64448K, reserved 1105920K
  class space    used 8208K, committed 8384K, reserved 1048576K
}
Event: 20.855 GC heap after
{Heap after GC invocations=20 (full 0):
 garbage-first heap   total 46080K, used 24757K [0x0000000083a00000, 0x0000000100000000)
  region size 1024K, 2 young (2048K), 2 survivors (2048K)
 Metaspace       used 64152K, committed 64448K, reserved 1105920K
  class space    used 8208K, committed 8384K, reserved 1048576K
}

